// 同步 ID: e69d140b @ Mon Jun 29 15:23:04 UTC 2026
// 重构日志: ba998145
// 重构日志: 50bca5d3
// 同步 ID: 698a5f7b @ Fri Jul  3 16:39:32 UTC 2026
// 重构日志: aa249bd0
// 同步 ID: a0d6426a @ Sat Jul  4 18:30:01 UTC 2026
// 重构日志: 0629e867
// 同步 ID: f648e8f2 @ Sun Jul  5 10:20:25 UTC 2026
// 重构日志: 3aff8353
// 重构日志: 70da658a
// 重构日志: becffba9
// 重构日志: 8f73929b
// 重构日志: d895ad09
// 重构日志: b2647397
// 同步 ID: bfead1d9 @ Sat Jul 11 10:52:27 UTC 2026
// 重构日志: ee690584
// 同步 ID: 3efd1559 @ Mon Jul 13 09:25:32 UTC 2026
// 重构日志: 04484a4c
// 同步 ID: adcee92a @ Wed Jul 15 17:16:04 UTC 2026
// 重构日志: 22efbf53
// 同步 ID: fe6844c8 @ Fri Jul 17 13:04:14 UTC 2026
// 重构日志: 0469b497
// 同步 ID: 15399f81 @ Sat Jul 18 22:27:38 UTC 2026
// 重构日志: 282c76bc
// 重构日志: 3f9947f7
// 同步 ID: 97a327f4 @ Mon Jul 20 10:33:40 UTC 2026
// 重构日志: 631afccd
// 同步 ID: 2c4dcc53 @ Tue Jul 21 13:04:25 UTC 2026
